21:45:28.209 [main] INFO  org.testng.internal.Utils - [Utils] MethodGroupsHelper.sortMethods() took 0 ms.
21:45:28.214 [main] INFO  org.testng.internal.Utils - [Utils] MethodGroupsHelper.collectMethodsByGroup() took 0 ms.
21:45:28.214 [main] INFO  org.testng.internal.Utils - [Utils] MethodGroupsHelper.sortMethods() took 0 ms.
21:45:28.216 [main] INFO  org.testng.internal.Utils - [Utils] MethodGroupsHelper.collectMethodsByGroup() took 0 ms.
21:45:28.217 [main] INFO  org.testng.internal.Utils - [Utils] MethodGroupsHelper.sortMethods() took 0 ms.
21:45:28.218 [main] INFO  org.testng.internal.Utils - [Utils] MethodGroupsHelper.collectMethodsByGroup() took 0 ms.
21:45:28.219 [main] INFO  org.testng.internal.Utils - [Utils] MethodGroupsHelper.sortMethods() took 0 ms.
21:45:28.219 [main] INFO  org.testng.internal.Utils - [Utils] MethodGroupsHelper.collectMethodsByGroup() took 0 ms.
21:45:28.219 [main] INFO  org.testng.internal.Utils - [Utils] MethodGroupsHelper.sortMethods() took 0 ms.
21:45:28.230 [main] INFO  org.testng.internal.Utils - [TestNG] Running:
  C:\Users\HP\AppData\Local\Temp\testng-eclipse--345766032\testng-customsuite.xml

21:45:28.252 [main] INFO  org.testng.internal.Utils - [Utils] DynamicGraphHelper.createDynamicGraph() took 4 ms.
21:45:28.569 [main] INFO  org.testng.internal.Utils - [TestNG] Time taken by org.testng.reporters.jq.Main@b91d8c4: 173 ms
21:45:28.585 [main] INFO  org.testng.internal.Utils - [TestNG] Time taken by org.testng.reporters.FailedReporter@3bffddff: 16 ms
21:45:28.597 [main] INFO  org.testng.internal.Utils - [TestNG] Time taken by org.testng.reporters.XMLReporter@7caa550: 12 ms
21:45:28.605 [main] INFO  org.testng.internal.Utils - [TestNG] Time taken by org.testng.reporters.EmailableReporter2@355e34c7: 8 ms
21:45:28.614 [main] INFO  org.testng.internal.Utils - [TestNG] Time taken by org.testng.reporters.JUnitReportReporter@48c40605: 9 ms
21:45:28.614 [main] INFO  org.testng.internal.Utils - [TestNG] Time taken by org.testng.internal.ExitCodeListener@54107f42: 0 ms
21:45:43.299 [main] DEBUG org.testng.TestNG - suiteXmlPath: "C:\eclipse-workspace\SauceDemoAutomationProject\master.xml"
21:45:43.736 [main] INFO  org.testng.internal.Utils - [TestNG] Running:
  C:\eclipse-workspace\SauceDemoAutomationProject\master.xml

21:47:09.893 [main] INFO  testCases.TC001_VerifyLoginWithLockedOutUser - *** Starting verifyLoginWithLockedOutUser_TC001 ***
21:47:19.412 [main] INFO  testCases.TC002_VerifyPurchaseJourneyWithStandardUser - *** Starting verifyPurchaseJourneyWithStandardUser_TC002 ***
21:47:30.188 [main] INFO  testCases.TC003_VerifyPurchaseJourneyWithPerformanceGlitchUser - *** Starting verifyPurchaseJourneyWithPerformanceGlitchUser_TC003 ***
21:47:58.086 [main] INFO  testCases.TC003_VerifyPurchaseJourneyWithPerformanceGlitchUser - *** Ending verifyPurchaseJourneyWithPerformanceGlitchUser_TC003 ***
23:11:25.314 [main] DEBUG org.testng.TestNG - suiteXmlPath: "C:\eclipse-workspace\SauceDemoAutomationProject\master.xml"
23:11:25.727 [main] INFO  org.testng.internal.Utils - [TestNG] Running:
  C:\eclipse-workspace\SauceDemoAutomationProject\master.xml

23:11:32.385 [main] INFO  testCases.TC001_VerifyLoginWithLockedOutUser - *** Starting verifyLoginWithLockedOutUser_TC001 ***
23:11:35.886 [main] INFO  testCases.TC002_VerifyPurchaseJourneyWithStandardUser - *** Starting verifyPurchaseJourneyWithStandardUser_TC002 ***
23:11:38.294 [main] INFO  testCases.TC002_VerifyPurchaseJourneyWithStandardUser - *** Ending verifyPurchaseJourneyWithStandardUser_TC002 ***
23:11:41.331 [main] INFO  testCases.TC003_VerifyPurchaseJourneyWithPerformanceGlitchUser - *** Starting verifyPurchaseJourneyWithPerformanceGlitchUser_TC003 ***
15:47:43.050 [main] DEBUG org.testng.TestNG - suiteXmlPath: "C:\eclipse-workspace\SauceDemoAutomationProject\master.xml"
15:47:43.428 [main] INFO  org.testng.internal.Utils - [TestNG] Running:
  C:\eclipse-workspace\SauceDemoAutomationProject\master.xml

15:47:54.374 [main] INFO  testCases.TC003_VerifyPurchaseJourneyWithPerformanceGlitchUser - *** Starting verifyPurchaseJourneyWithPerformanceGlitchUser_TC003 ***
15:48:23.476 [main] INFO  testCases.TC003_VerifyPurchaseJourneyWithPerformanceGlitchUser - *** Ending verifyPurchaseJourneyWithPerformanceGlitchUser_TC003 ***
15:58:23.293 [main] DEBUG org.testng.TestNG - suiteXmlPath: "C:\eclipse-workspace\SauceDemoAutomationProject\master.xml"
15:58:23.650 [main] INFO  org.testng.internal.Utils - [TestNG] Running:
  C:\eclipse-workspace\SauceDemoAutomationProject\master.xml

15:58:26.811 [main] INFO  testCases.TC003_VerifyPurchaseJourneyWithPerformanceGlitchUser - *** Starting verifyPurchaseJourneyWithPerformanceGlitchUser_TC003 ***
15:58:54.217 [main] INFO  testCases.TC003_VerifyPurchaseJourneyWithPerformanceGlitchUser - *** Ending verifyPurchaseJourneyWithPerformanceGlitchUser_TC003 ***
16:42:52.208 [main] DEBUG org.testng.TestNG - suiteXmlPath: "C:\eclipse-workspace\SauceDemoAutomationProject\master.xml"
